{"F:\\File BENI\\HACKTIV8\\Phase 2 Hacktiv8\\IP-RMT42\\Server\\app.js": {"path":"F:\\File BENI\\HACKTIV8\\Phase 2 Hacktiv8\\IP-RMT42\\Server\\app.js","statementMap":{"0":{"start":{"line":1,"column":0},"end":{"line":3,"column":1}},"1":{"start":{"line":2,"column":2},"end":{"line":2,"column":29}},"2":{"start":{"line":5,"column":16},"end":{"line":5,"column":34}},"3":{"start":{"line":6,"column":15},"end":{"line":6,"column":34}},"4":{"start":{"line":7,"column":13},"end":{"line":7,"column":28}},"5":{"start":{"line":8,"column":12},"end":{"line":8,"column":21}},"6":{"start":{"line":10,"column":0},"end":{"line":10,"column":16}},"7":{"start":{"line":11,"column":0},"end":{"line":11,"column":48}},"8":{"start":{"line":12,"column":0},"end":{"line":12,"column":24}},"9":{"start":{"line":13,"column":0},"end":{"line":13,"column":16}},"10":{"start":{"line":15,"column":0},"end":{"line":15,"column":21}}},"fnMap":{},"branchMap":{"0":{"loc":{"start":{"line":1,"column":0},"end":{"line":3,"column":1}},"type":"if","locations":[{"start":{"line":1,"column":0},"end":{"line":3,"column":1}},{"start":{},"end":{}}],"line":1}},"s":{"0":5,"1":5,"2":5,"3":5,"4":5,"5":5,"6":5,"7":5,"8":5,"9":5,"10":5},"f":{},"b":{"0":[5,0]},"_coverageSchema":"1a1c01bbd47fc00a2c39e90264f33305004495a9","hash":"c926340e3bbea6e67b6294f2b93db67b6fe1282d"}
,"F:\\File BENI\\HACKTIV8\\Phase 2 Hacktiv8\\IP-RMT42\\Server\\auth\\authentication.js": {"path":"F:\\File BENI\\HACKTIV8\\Phase 2 Hacktiv8\\IP-RMT42\\Server\\auth\\authentication.js","statementMap":{"0":{"start":{"line":1,"column":24},"end":{"line":1,"column":49}},"1":{"start":{"line":2,"column":17},"end":{"line":2,"column":37}},"2":{"start":{"line":5,"column":2},"end":{"line":16,"column":3}},"3":{"start":{"line":6,"column":25},"end":{"line":6,"column":50}},"4":{"start":{"line":7,"column":4},"end":{"line":7,"column":57}},"5":{"start":{"line":7,"column":23},"end":{"line":7,"column":57}},"6":{"start":{"line":8,"column":22},"end":{"line":8,"column":70}},"7":{"start":{"line":9,"column":4},"end":{"line":9,"column":54}},"8":{"start":{"line":9,"column":20},"end":{"line":9,"column":54}},"9":{"start":{"line":10,"column":17},"end":{"line":10,"column":50}},"10":{"start":{"line":11,"column":4},"end":{"line":11,"column":49}},"11":{"start":{"line":11,"column":15},"end":{"line":11,"column":49}},"12":{"start":{"line":12,"column":4},"end":{"line":12,"column":107}},"13":{"start":{"line":13,"column":4},"end":{"line":13,"column":11}},"14":{"start":{"line":15,"column":4},"end":{"line":15,"column":16}},"15":{"start":{"line":19,"column":0},"end":{"line":19,"column":32}}},"fnMap":{"0":{"name":"authentication","decl":{"start":{"line":4,"column":15},"end":{"line":4,"column":29}},"loc":{"start":{"line":4,"column":46},"end":{"line":17,"column":1}},"line":4}},"branchMap":{"0":{"loc":{"start":{"line":7,"column":4},"end":{"line":7,"column":57}},"type":"if","locations":[{"start":{"line":7,"column":4},"end":{"line":7,"column":57}},{"start":{},"end":{}}],"line":7},"1":{"loc":{"start":{"line":9,"column":4},"end":{"line":9,"column":54}},"type":"if","locations":[{"start":{"line":9,"column":4},"end":{"line":9,"column":54}},{"start":{},"end":{}}],"line":9},"2":{"loc":{"start":{"line":11,"column":4},"end":{"line":11,"column":49}},"type":"if","locations":[{"start":{"line":11,"column":4},"end":{"line":11,"column":49}},{"start":{},"end":{}}],"line":11}},"s":{"0":5,"1":5,"2":6,"3":6,"4":6,"5":3,"6":3,"7":3,"8":0,"9":3,"10":3,"11":0,"12":3,"13":3,"14":3,"15":5},"f":{"0":6},"b":{"0":[3,3],"1":[0,3],"2":[0,3]},"_coverageSchema":"1a1c01bbd47fc00a2c39e90264f33305004495a9","hash":"de4d8ccda2d03efee76ba52e533b53062e613263"}
,"F:\\File BENI\\HACKTIV8\\Phase 2 Hacktiv8\\IP-RMT42\\Server\\auth\\authorization.js": {"path":"F:\\File BENI\\HACKTIV8\\Phase 2 Hacktiv8\\IP-RMT42\\Server\\auth\\authorization.js","statementMap":{"0":{"start":{"line":2,"column":2},"end":{"line":10,"column":3}},"1":{"start":{"line":3,"column":4},"end":{"line":7,"column":5}},"2":{"start":{"line":4,"column":6},"end":{"line":4,"column":20}},"3":{"start":{"line":6,"column":6},"end":{"line":6,"column":34}},"4":{"start":{"line":9,"column":4},"end":{"line":9,"column":16}},"5":{"start":{"line":13,"column":0},"end":{"line":13,"column":31}}},"fnMap":{"0":{"name":"authorization","decl":{"start":{"line":1,"column":15},"end":{"line":1,"column":28}},"loc":{"start":{"line":1,"column":45},"end":{"line":11,"column":1}},"line":1}},"branchMap":{"0":{"loc":{"start":{"line":3,"column":4},"end":{"line":7,"column":5}},"type":"if","locations":[{"start":{"line":3,"column":4},"end":{"line":7,"column":5}},{"start":{"line":5,"column":11},"end":{"line":7,"column":5}}],"line":3},"1":{"loc":{"start":{"line":3,"column":8},"end":{"line":3,"column":64}},"type":"binary-expr","locations":[{"start":{"line":3,"column":8},"end":{"line":3,"column":33}},{"start":{"line":3,"column":37},"end":{"line":3,"column":64}}],"line":3}},"s":{"0":2,"1":2,"2":2,"3":0,"4":0,"5":5},"f":{"0":2},"b":{"0":[2,0],"1":[2,0]},"_coverageSchema":"1a1c01bbd47fc00a2c39e90264f33305004495a9","hash":"653a3bcde0b2ba8f2f1fde773ee56325fcd14564"}
,"F:\\File BENI\\HACKTIV8\\Phase 2 Hacktiv8\\IP-RMT42\\Server\\auth\\errorhandler.js": {"path":"F:\\File BENI\\HACKTIV8\\Phase 2 Hacktiv8\\IP-RMT42\\Server\\auth\\errorhandler.js","statementMap":{"0":{"start":{"line":3,"column":2},"end":{"line":37,"column":3}},"1":{"start":{"line":6,"column":6},"end":{"line":6,"column":23}},"2":{"start":{"line":7,"column":6},"end":{"line":7,"column":40}},"3":{"start":{"line":8,"column":6},"end":{"line":8,"column":12}},"4":{"start":{"line":12,"column":6},"end":{"line":12,"column":23}},"5":{"start":{"line":13,"column":6},"end":{"line":13,"column":30}},"6":{"start":{"line":14,"column":6},"end":{"line":14,"column":12}},"7":{"start":{"line":19,"column":6},"end":{"line":19,"column":23}},"8":{"start":{"line":20,"column":6},"end":{"line":20,"column":51}},"9":{"start":{"line":21,"column":6},"end":{"line":21,"column":12}},"10":{"start":{"line":24,"column":6},"end":{"line":24,"column":23}},"11":{"start":{"line":25,"column":6},"end":{"line":25,"column":41}},"12":{"start":{"line":26,"column":6},"end":{"line":26,"column":12}},"13":{"start":{"line":29,"column":6},"end":{"line":29,"column":23}},"14":{"start":{"line":30,"column":6},"end":{"line":30,"column":33}},"15":{"start":{"line":31,"column":6},"end":{"line":31,"column":12}},"16":{"start":{"line":34,"column":6},"end":{"line":34,"column":23}},"17":{"start":{"line":35,"column":6},"end":{"line":35,"column":40}},"18":{"start":{"line":36,"column":6},"end":{"line":36,"column":12}},"19":{"start":{"line":39,"column":2},"end":{"line":39,"column":43}},"20":{"start":{"line":42,"column":0},"end":{"line":42,"column":30}}},"fnMap":{"0":{"name":"errorHandler","decl":{"start":{"line":1,"column":9},"end":{"line":1,"column":21}},"loc":{"start":{"line":1,"column":45},"end":{"line":40,"column":1}},"line":1}},"branchMap":{"0":{"loc":{"start":{"line":3,"column":2},"end":{"line":37,"column":3}},"type":"switch","locations":[{"start":{"line":4,"column":4},"end":{"line":4,"column":36}},{"start":{"line":5,"column":4},"end":{"line":8,"column":12}},{"start":{"line":10,"column":4},"end":{"line":10,"column":27}},{"start":{"line":11,"column":4},"end":{"line":14,"column":12}},{"start":{"line":16,"column":4},"end":{"line":16,"column":23}},{"start":{"line":17,"column":4},"end":{"line":17,"column":27}},{"start":{"line":18,"column":4},"end":{"line":21,"column":12}},{"start":{"line":23,"column":4},"end":{"line":26,"column":12}},{"start":{"line":28,"column":4},"end":{"line":31,"column":12}},{"start":{"line":33,"column":4},"end":{"line":36,"column":12}}],"line":3},"1":{"loc":{"start":{"line":20,"column":16},"end":{"line":20,"column":50}},"type":"binary-expr","locations":[{"start":{"line":20,"column":16},"end":{"line":20,"column":29}},{"start":{"line":20,"column":33},"end":{"line":20,"column":50}}],"line":20}},"s":{"0":13,"1":5,"2":5,"3":5,"4":2,"5":2,"6":2,"7":5,"8":5,"9":5,"10":0,"11":0,"12":0,"13":1,"14":1,"15":1,"16":0,"17":0,"18":0,"19":13,"20":5},"f":{"0":13},"b":{"0":[4,5,2,2,2,5,5,0,1,0],"1":[5,3]},"_coverageSchema":"1a1c01bbd47fc00a2c39e90264f33305004495a9","hash":"e8ee742f6d503163580ab63c806165c4aa1be4d2"}
,"F:\\File BENI\\HACKTIV8\\Phase 2 Hacktiv8\\IP-RMT42\\Server\\auth\\index.js": {"path":"F:\\File BENI\\HACKTIV8\\Phase 2 Hacktiv8\\IP-RMT42\\Server\\auth\\index.js","statementMap":{"0":{"start":{"line":1,"column":23},"end":{"line":1,"column":50}},"1":{"start":{"line":2,"column":22},"end":{"line":2,"column":48}},"2":{"start":{"line":3,"column":21},"end":{"line":3,"column":46}},"3":{"start":{"line":5,"column":0},"end":{"line":9,"column":2}}},"fnMap":{},"branchMap":{},"s":{"0":5,"1":5,"2":5,"3":5},"f":{},"b":{},"_coverageSchema":"1a1c01bbd47fc00a2c39e90264f33305004495a9","hash":"a9a046d5e20a1423f7263a6923f2c8bd4dfc67d5"}
,"F:\\File BENI\\HACKTIV8\\Phase 2 Hacktiv8\\IP-RMT42\\Server\\controllers\\controllerMidtrans.js": {"path":"F:\\File BENI\\HACKTIV8\\Phase 2 Hacktiv8\\IP-RMT42\\Server\\controllers\\controllerMidtrans.js","statementMap":{"0":{"start":{"line":1,"column":23},"end":{"line":1,"column":49}},"1":{"start":{"line":2,"column":19},"end":{"line":2,"column":36}},"2":{"start":{"line":3,"column":18},"end":{"line":3,"column":38}},"3":{"start":{"line":7,"column":4},"end":{"line":43,"column":5}},"4":{"start":{"line":8,"column":20},"end":{"line":8,"column":26}},"5":{"start":{"line":9,"column":17},"end":{"line":13,"column":8}},"6":{"start":{"line":15,"column":22},"end":{"line":15,"column":41}},"7":{"start":{"line":16,"column":6},"end":{"line":16,"column":31}},"8":{"start":{"line":17,"column":6},"end":{"line":21,"column":9}},"9":{"start":{"line":23,"column":22},"end":{"line":35,"column":7}},"10":{"start":{"line":37,"column":24},"end":{"line":37,"column":63}},"11":{"start":{"line":39,"column":6},"end":{"line":39,"column":54}},"12":{"start":{"line":41,"column":6},"end":{"line":41,"column":25}},"13":{"start":{"line":47,"column":0},"end":{"line":47,"column":36}}},"fnMap":{"0":{"name":"(anonymous_0)","decl":{"start":{"line":6,"column":2},"end":{"line":6,"column":3}},"loc":{"start":{"line":6,"column":40},"end":{"line":44,"column":3}},"line":6}},"branchMap":{},"s":{"0":5,"1":5,"2":5,"3":0,"4":0,"5":0,"6":0,"7":0,"8":0,"9":0,"10":0,"11":0,"12":0,"13":5},"f":{"0":0},"b":{},"_coverageSchema":"1a1c01bbd47fc00a2c39e90264f33305004495a9","hash":"d3559f3e51c9a6eb74910884fa587bd8ecc70cb4"}
,"F:\\File BENI\\HACKTIV8\\Phase 2 Hacktiv8\\IP-RMT42\\Server\\controllers\\controllerTeam.js": {"path":"F:\\File BENI\\HACKTIV8\\Phase 2 Hacktiv8\\IP-RMT42\\Server\\controllers\\controllerTeam.js","statementMap":{"0":{"start":{"line":1,"column":17},"end":{"line":1,"column":37}},"1":{"start":{"line":5,"column":4},"end":{"line":10,"column":5}},"2":{"start":{"line":6,"column":20},"end":{"line":6,"column":40}},"3":{"start":{"line":7,"column":6},"end":{"line":7,"column":34}},"4":{"start":{"line":9,"column":6},"end":{"line":9,"column":18}},"5":{"start":{"line":14,"column":4},"end":{"line":14,"column":28}},"6":{"start":{"line":15,"column":4},"end":{"line":26,"column":5}},"7":{"start":{"line":16,"column":19},"end":{"line":21,"column":8}},"8":{"start":{"line":22,"column":6},"end":{"line":22,"column":72}},"9":{"start":{"line":22,"column":17},"end":{"line":22,"column":72}},"10":{"start":{"line":23,"column":6},"end":{"line":23,"column":33}},"11":{"start":{"line":25,"column":6},"end":{"line":25,"column":18}},"12":{"start":{"line":30,"column":4},"end":{"line":37,"column":5}},"13":{"start":{"line":31,"column":19},"end":{"line":31,"column":57}},"14":{"start":{"line":32,"column":6},"end":{"line":32,"column":72}},"15":{"start":{"line":32,"column":17},"end":{"line":32,"column":72}},"16":{"start":{"line":33,"column":6},"end":{"line":33,"column":27}},"17":{"start":{"line":34,"column":6},"end":{"line":34,"column":97}},"18":{"start":{"line":36,"column":6},"end":{"line":36,"column":18}},"19":{"start":{"line":41,"column":0},"end":{"line":41,"column":32}}},"fnMap":{"0":{"name":"(anonymous_0)","decl":{"start":{"line":4,"column":2},"end":{"line":4,"column":3}},"loc":{"start":{"line":4,"column":39},"end":{"line":11,"column":3}},"line":4},"1":{"name":"(anonymous_1)","decl":{"start":{"line":13,"column":2},"end":{"line":13,"column":3}},"loc":{"start":{"line":13,"column":43},"end":{"line":27,"column":3}},"line":13},"2":{"name":"(anonymous_2)","decl":{"start":{"line":29,"column":2},"end":{"line":29,"column":3}},"loc":{"start":{"line":29,"column":42},"end":{"line":38,"column":3}},"line":29}},"branchMap":{"0":{"loc":{"start":{"line":22,"column":6},"end":{"line":22,"column":72}},"type":"if","locations":[{"start":{"line":22,"column":6},"end":{"line":22,"column":72}},{"start":{},"end":{}}],"line":22},"1":{"loc":{"start":{"line":32,"column":6},"end":{"line":32,"column":72}},"type":"if","locations":[{"start":{"line":32,"column":6},"end":{"line":32,"column":72}},{"start":{},"end":{}}],"line":32}},"s":{"0":5,"1":1,"2":1,"3":1,"4":0,"5":0,"6":0,"7":0,"8":0,"9":0,"10":0,"11":0,"12":2,"13":2,"14":2,"15":1,"16":1,"17":1,"18":1,"19":5},"f":{"0":1,"1":0,"2":2},"b":{"0":[0,0],"1":[1,1]},"_coverageSchema":"1a1c01bbd47fc00a2c39e90264f33305004495a9","hash":"244f41e3dfa6454de2ae5311723baf7e352bf685"}
,"F:\\File BENI\\HACKTIV8\\Phase 2 Hacktiv8\\IP-RMT42\\Server\\controllers\\controllerUser.js": {"path":"F:\\File BENI\\HACKTIV8\\Phase 2 Hacktiv8\\IP-RMT42\\Server\\controllers\\controllerUser.js","statementMap":{"0":{"start":{"line":1,"column":23},"end":{"line":1,"column":51}},"1":{"start":{"line":2,"column":22},"end":{"line":2,"column":47}},"2":{"start":{"line":3,"column":24},"end":{"line":3,"column":44}},"3":{"start":{"line":4,"column":25},"end":{"line":4,"column":55}},"4":{"start":{"line":5,"column":15},"end":{"line":5,"column":33}},"5":{"start":{"line":6,"column":14},"end":{"line":6,"column":30}},"6":{"start":{"line":10,"column":38},"end":{"line":10,"column":46}},"7":{"start":{"line":11,"column":4},"end":{"line":16,"column":5}},"8":{"start":{"line":12,"column":6},"end":{"line":12,"column":51}},"9":{"start":{"line":13,"column":6},"end":{"line":13,"column":80}},"10":{"start":{"line":15,"column":6},"end":{"line":15,"column":18}},"11":{"start":{"line":20,"column":32},"end":{"line":20,"column":40}},"12":{"start":{"line":21,"column":4},"end":{"line":21,"column":26}},"13":{"start":{"line":22,"column":4},"end":{"line":50,"column":5}},"14":{"start":{"line":23,"column":6},"end":{"line":25,"column":7}},"15":{"start":{"line":24,"column":8},"end":{"line":24,"column":84}},"16":{"start":{"line":27,"column":6},"end":{"line":29,"column":7}},"17":{"start":{"line":28,"column":8},"end":{"line":28,"column":84}},"18":{"start":{"line":31,"column":19},"end":{"line":31,"column":59}},"19":{"start":{"line":32,"column":6},"end":{"line":34,"column":7}},"20":{"start":{"line":33,"column":8},"end":{"line":33,"column":79}},"21":{"start":{"line":36,"column":6},"end":{"line":38,"column":7}},"22":{"start":{"line":37,"column":8},"end":{"line":37,"column":90}},"23":{"start":{"line":40,"column":25},"end":{"line":40,"column":60}},"24":{"start":{"line":41,"column":6},"end":{"line":43,"column":7}},"25":{"start":{"line":42,"column":8},"end":{"line":42,"column":79}},"26":{"start":{"line":45,"column":27},"end":{"line":45,"column":70}},"27":{"start":{"line":47,"column":6},"end":{"line":47,"column":45}},"28":{"start":{"line":49,"column":6},"end":{"line":49,"column":18}},"29":{"start":{"line":54,"column":24},"end":{"line":54,"column":35}},"30":{"start":{"line":55,"column":4},"end":{"line":85,"column":5}},"31":{"start":{"line":56,"column":21},"end":{"line":59,"column":8}},"32":{"start":{"line":60,"column":22},"end":{"line":60,"column":41}},"33":{"start":{"line":61,"column":6},"end":{"line":61,"column":43}},"34":{"start":{"line":63,"column":19},"end":{"line":63,"column":74}},"35":{"start":{"line":64,"column":6},"end":{"line":66,"column":7}},"36":{"start":{"line":65,"column":8},"end":{"line":65,"column":96}},"37":{"start":{"line":68,"column":6},"end":{"line":72,"column":7}},"38":{"start":{"line":69,"column":29},"end":{"line":69,"column":72}},"39":{"start":{"line":71,"column":8},"end":{"line":71,"column":54}},"40":{"start":{"line":74,"column":22},"end":{"line":79,"column":8}},"41":{"start":{"line":80,"column":27},"end":{"line":80,"column":76}},"42":{"start":{"line":82,"column":6},"end":{"line":82,"column":45}},"43":{"start":{"line":84,"column":6},"end":{"line":84,"column":18}},"44":{"start":{"line":89,"column":20},"end":{"line":89,"column":36}},"45":{"start":{"line":90,"column":4},"end":{"line":121,"column":5}},"46":{"start":{"line":91,"column":20},"end":{"line":91,"column":63}},"47":{"start":{"line":92,"column":6},"end":{"line":94,"column":7}},"48":{"start":{"line":93,"column":8},"end":{"line":93,"column":64}},"49":{"start":{"line":95,"column":6},"end":{"line":95,"column":25}},"50":{"start":{"line":97,"column":21},"end":{"line":97,"column":84}},"51":{"start":{"line":99,"column":23},"end":{"line":103,"column":8}},"52":{"start":{"line":105,"column":6},"end":{"line":107,"column":7}},"53":{"start":{"line":106,"column":8},"end":{"line":106,"column":68}},"54":{"start":{"line":108,"column":6},"end":{"line":108,"column":49}},"55":{"start":{"line":110,"column":6},"end":{"line":112,"column":7}},"56":{"start":{"line":111,"column":8},"end":{"line":111,"column":68}},"57":{"start":{"line":113,"column":6},"end":{"line":113,"column":45}},"58":{"start":{"line":114,"column":6},"end":{"line":114,"column":67}},"59":{"start":{"line":115,"column":19},"end":{"line":115,"column":69}},"60":{"start":{"line":116,"column":6},"end":{"line":116,"column":24}},"61":{"start":{"line":117,"column":6},"end":{"line":117,"column":45}},"62":{"start":{"line":118,"column":6},"end":{"line":118,"column":58}},"63":{"start":{"line":120,"column":6},"end":{"line":120,"column":18}},"64":{"start":{"line":125,"column":0},"end":{"line":125,"column":32}}},"fnMap":{"0":{"name":"(anonymous_0)","decl":{"start":{"line":9,"column":2},"end":{"line":9,"column":3}},"loc":{"start":{"line":9,"column":40},"end":{"line":17,"column":3}},"line":9},"1":{"name":"(anonymous_1)","decl":{"start":{"line":19,"column":2},"end":{"line":19,"column":3}},"loc":{"start":{"line":19,"column":37},"end":{"line":51,"column":3}},"line":19},"2":{"name":"(anonymous_2)","decl":{"start":{"line":53,"column":2},"end":{"line":53,"column":3}},"loc":{"start":{"line":53,"column":37},"end":{"line":86,"column":3}},"line":53},"3":{"name":"(anonymous_3)","decl":{"start":{"line":88,"column":2},"end":{"line":88,"column":3}},"loc":{"start":{"line":88,"column":46},"end":{"line":122,"column":3}},"line":88}},"branchMap":{"0":{"loc":{"start":{"line":23,"column":6},"end":{"line":25,"column":7}},"type":"if","locations":[{"start":{"line":23,"column":6},"end":{"line":25,"column":7}},{"start":{},"end":{}}],"line":23},"1":{"loc":{"start":{"line":27,"column":6},"end":{"line":29,"column":7}},"type":"if","locations":[{"start":{"line":27,"column":6},"end":{"line":29,"column":7}},{"start":{},"end":{}}],"line":27},"2":{"loc":{"start":{"line":32,"column":6},"end":{"line":34,"column":7}},"type":"if","locations":[{"start":{"line":32,"column":6},"end":{"line":34,"column":7}},{"start":{},"end":{}}],"line":32},"3":{"loc":{"start":{"line":36,"column":6},"end":{"line":38,"column":7}},"type":"if","locations":[{"start":{"line":36,"column":6},"end":{"line":38,"column":7}},{"start":{},"end":{}}],"line":36},"4":{"loc":{"start":{"line":41,"column":6},"end":{"line":43,"column":7}},"type":"if","locations":[{"start":{"line":41,"column":6},"end":{"line":43,"column":7}},{"start":{},"end":{}}],"line":41},"5":{"loc":{"start":{"line":64,"column":6},"end":{"line":66,"column":7}},"type":"if","locations":[{"start":{"line":64,"column":6},"end":{"line":66,"column":7}},{"start":{},"end":{}}],"line":64},"6":{"loc":{"start":{"line":64,"column":10},"end":{"line":64,"column":43}},"type":"binary-expr","locations":[{"start":{"line":64,"column":10},"end":{"line":64,"column":14}},{"start":{"line":64,"column":18},"end":{"line":64,"column":43}}],"line":64},"7":{"loc":{"start":{"line":68,"column":6},"end":{"line":72,"column":7}},"type":"if","locations":[{"start":{"line":68,"column":6},"end":{"line":72,"column":7}},{"start":{},"end":{}}],"line":68},"8":{"loc":{"start":{"line":68,"column":10},"end":{"line":68,"column":43}},"type":"binary-expr","locations":[{"start":{"line":68,"column":10},"end":{"line":68,"column":14}},{"start":{"line":68,"column":18},"end":{"line":68,"column":43}}],"line":68},"9":{"loc":{"start":{"line":92,"column":6},"end":{"line":94,"column":7}},"type":"if","locations":[{"start":{"line":92,"column":6},"end":{"line":94,"column":7}},{"start":{},"end":{}}],"line":92},"10":{"loc":{"start":{"line":105,"column":6},"end":{"line":107,"column":7}},"type":"if","locations":[{"start":{"line":105,"column":6},"end":{"line":107,"column":7}},{"start":{},"end":{}}],"line":105},"11":{"loc":{"start":{"line":110,"column":6},"end":{"line":112,"column":7}},"type":"if","locations":[{"start":{"line":110,"column":6},"end":{"line":112,"column":7}},{"start":{},"end":{}}],"line":110}},"s":{"0":5,"1":5,"2":5,"3":5,"4":5,"5":5,"6":6,"7":6,"8":6,"9":1,"10":5,"11":5,"12":5,"13":5,"14":5,"15":1,"16":4,"17":1,"18":3,"19":3,"20":2,"21":1,"22":0,"23":1,"24":1,"25":0,"26":1,"27":1,"28":4,"29":0,"30":0,"31":0,"32":0,"33":0,"34":0,"35":0,"36":0,"37":0,"38":0,"39":0,"40":0,"41":0,"42":0,"43":0,"44":0,"45":0,"46":0,"47":0,"48":0,"49":0,"50":0,"51":0,"52":0,"53":0,"54":0,"55":0,"56":0,"57":0,"58":0,"59":0,"60":0,"61":0,"62":0,"63":0,"64":5},"f":{"0":6,"1":5,"2":0,"3":0},"b":{"0":[1,4],"1":[1,3],"2":[2,1],"3":[0,1],"4":[0,1],"5":[0,0],"6":[0,0],"7":[0,0],"8":[0,0],"9":[0,0],"10":[0,0],"11":[0,0]},"_coverageSchema":"1a1c01bbd47fc00a2c39e90264f33305004495a9","hash":"3e3b0dd10a014ec57c4f4ad24d744e86dd4ea42b"}
,"F:\\File BENI\\HACKTIV8\\Phase 2 Hacktiv8\\IP-RMT42\\Server\\helpers\\bcrypt.js": {"path":"F:\\File BENI\\HACKTIV8\\Phase 2 Hacktiv8\\IP-RMT42\\Server\\helpers\\bcrypt.js","statementMap":{"0":{"start":{"line":1,"column":15},"end":{"line":1,"column":34}},"1":{"start":{"line":3,"column":21},"end":{"line":6,"column":1}},"2":{"start":{"line":4,"column":15},"end":{"line":4,"column":37}},"3":{"start":{"line":5,"column":2},"end":{"line":5,"column":41}},"4":{"start":{"line":8,"column":19},"end":{"line":10,"column":1}},"5":{"start":{"line":9,"column":2},"end":{"line":9,"column":52}},"6":{"start":{"line":12,"column":0},"end":{"line":15,"column":2}}},"fnMap":{"0":{"name":"(anonymous_0)","decl":{"start":{"line":3,"column":21},"end":{"line":3,"column":22}},"loc":{"start":{"line":3,"column":35},"end":{"line":6,"column":1}},"line":3},"1":{"name":"(anonymous_1)","decl":{"start":{"line":8,"column":19},"end":{"line":8,"column":20}},"loc":{"start":{"line":8,"column":47},"end":{"line":10,"column":1}},"line":8}},"branchMap":{},"s":{"0":5,"1":5,"2":7,"3":7,"4":5,"5":1,"6":5},"f":{"0":7,"1":1},"b":{},"_coverageSchema":"1a1c01bbd47fc00a2c39e90264f33305004495a9","hash":"ad0eb4ee759a1980e332e582eeabab9da7823943"}
,"F:\\File BENI\\HACKTIV8\\Phase 2 Hacktiv8\\IP-RMT42\\Server\\helpers\\jwt.js": {"path":"F:\\File BENI\\HACKTIV8\\Phase 2 Hacktiv8\\IP-RMT42\\Server\\helpers\\jwt.js","statementMap":{"0":{"start":{"line":1,"column":12},"end":{"line":1,"column":35}},"1":{"start":{"line":3,"column":15},"end":{"line":3,"column":37}},"2":{"start":{"line":5,"column":18},"end":{"line":7,"column":1}},"3":{"start":{"line":6,"column":2},"end":{"line":6,"column":35}},"4":{"start":{"line":9,"column":20},"end":{"line":11,"column":1}},"5":{"start":{"line":10,"column":2},"end":{"line":10,"column":35}},"6":{"start":{"line":13,"column":0},"end":{"line":16,"column":2}}},"fnMap":{"0":{"name":"(anonymous_0)","decl":{"start":{"line":5,"column":18},"end":{"line":5,"column":19}},"loc":{"start":{"line":5,"column":31},"end":{"line":7,"column":1}},"line":5},"1":{"name":"(anonymous_1)","decl":{"start":{"line":9,"column":20},"end":{"line":9,"column":21}},"loc":{"start":{"line":9,"column":31},"end":{"line":11,"column":1}},"line":9}},"branchMap":{},"s":{"0":5,"1":5,"2":5,"3":4,"4":5,"5":3,"6":5},"f":{"0":4,"1":3},"b":{},"_coverageSchema":"1a1c01bbd47fc00a2c39e90264f33305004495a9","hash":"b9656270f273632d2bae8963cdf38d7ef9754f92"}
,"F:\\File BENI\\HACKTIV8\\Phase 2 Hacktiv8\\IP-RMT42\\Server\\models\\index.js": {"path":"F:\\File BENI\\HACKTIV8\\Phase 2 Hacktiv8\\IP-RMT42\\Server\\models\\index.js","statementMap":{"0":{"start":{"line":3,"column":11},"end":{"line":3,"column":24}},"1":{"start":{"line":4,"column":13},"end":{"line":4,"column":28}},"2":{"start":{"line":5,"column":18},"end":{"line":5,"column":38}},"3":{"start":{"line":6,"column":16},"end":{"line":6,"column":34}},"4":{"start":{"line":7,"column":17},"end":{"line":7,"column":42}},"5":{"start":{"line":8,"column":12},"end":{"line":8,"column":49}},"6":{"start":{"line":9,"column":15},"end":{"line":9,"column":65}},"7":{"start":{"line":10,"column":11},"end":{"line":10,"column":13}},"8":{"start":{"line":13,"column":0},"end":{"line":17,"column":1}},"9":{"start":{"line":14,"column":2},"end":{"line":14,"column":74}},"10":{"start":{"line":16,"column":2},"end":{"line":16,"column":87}},"11":{"start":{"line":19,"column":0},"end":{"line":32,"column":5}},"12":{"start":{"line":22,"column":4},"end":{"line":27,"column":6}},"13":{"start":{"line":30,"column":18},"end":{"line":30,"column":85}},"14":{"start":{"line":31,"column":4},"end":{"line":31,"column":27}},"15":{"start":{"line":34,"column":0},"end":{"line":38,"column":3}},"16":{"start":{"line":35,"column":2},"end":{"line":37,"column":3}},"17":{"start":{"line":36,"column":4},"end":{"line":36,"column":32}},"18":{"start":{"line":40,"column":0},"end":{"line":40,"column":25}},"19":{"start":{"line":41,"column":0},"end":{"line":41,"column":25}},"20":{"start":{"line":43,"column":0},"end":{"line":43,"column":20}}},"fnMap":{"0":{"name":"(anonymous_0)","decl":{"start":{"line":21,"column":10},"end":{"line":21,"column":11}},"loc":{"start":{"line":21,"column":18},"end":{"line":28,"column":3}},"line":21},"1":{"name":"(anonymous_1)","decl":{"start":{"line":29,"column":11},"end":{"line":29,"column":12}},"loc":{"start":{"line":29,"column":19},"end":{"line":32,"column":3}},"line":29},"2":{"name":"(anonymous_2)","decl":{"start":{"line":34,"column":24},"end":{"line":34,"column":25}},"loc":{"start":{"line":34,"column":37},"end":{"line":38,"column":1}},"line":34}},"branchMap":{"0":{"loc":{"start":{"line":8,"column":12},"end":{"line":8,"column":49}},"type":"binary-expr","locations":[{"start":{"line":8,"column":12},"end":{"line":8,"column":32}},{"start":{"line":8,"column":36},"end":{"line":8,"column":49}}],"line":8},"1":{"loc":{"start":{"line":13,"column":0},"end":{"line":17,"column":1}},"type":"if","locations":[{"start":{"line":13,"column":0},"end":{"line":17,"column":1}},{"start":{"line":15,"column":7},"end":{"line":17,"column":1}}],"line":13},"2":{"loc":{"start":{"line":23,"column":6},"end":{"line":26,"column":37}},"type":"binary-expr","locations":[{"start":{"line":23,"column":6},"end":{"line":23,"column":29}},{"start":{"line":24,"column":6},"end":{"line":24,"column":23}},{"start":{"line":25,"column":6},"end":{"line":25,"column":30}},{"start":{"line":26,"column":6},"end":{"line":26,"column":37}}],"line":23},"3":{"loc":{"start":{"line":35,"column":2},"end":{"line":37,"column":3}},"type":"if","locations":[{"start":{"line":35,"column":2},"end":{"line":37,"column":3}},{"start":{},"end":{}}],"line":35}},"s":{"0":5,"1":5,"2":5,"3":5,"4":5,"5":5,"6":5,"7":5,"8":5,"9":0,"10":5,"11":5,"12":25,"13":20,"14":20,"15":5,"16":20,"17":20,"18":5,"19":5,"20":5},"f":{"0":25,"1":20,"2":20},"b":{"0":[5,0],"1":[0,5],"2":[25,25,20,20],"3":[20,0]},"_coverageSchema":"1a1c01bbd47fc00a2c39e90264f33305004495a9","hash":"4adaf2be2fc1e2998c577f8d6223d6ec296ef251"}
,"F:\\File BENI\\HACKTIV8\\Phase 2 Hacktiv8\\IP-RMT42\\Server\\models\\order.js": {"path":"F:\\File BENI\\HACKTIV8\\Phase 2 Hacktiv8\\IP-RMT42\\Server\\models\\order.js","statementMap":{"0":{"start":{"line":2,"column":18},"end":{"line":2,"column":38}},"1":{"start":{"line":3,"column":0},"end":{"line":54,"column":2}},"2":{"start":{"line":12,"column":6},"end":{"line":12,"column":35}},"3":{"start":{"line":15,"column":2},"end":{"line":52,"column":4}},"4":{"start":{"line":53,"column":2},"end":{"line":53,"column":15}}},"fnMap":{"0":{"name":"(anonymous_0)","decl":{"start":{"line":3,"column":17},"end":{"line":3,"column":18}},"loc":{"start":{"line":3,"column":43},"end":{"line":54,"column":1}},"line":3},"1":{"name":"(anonymous_1)","decl":{"start":{"line":10,"column":4},"end":{"line":10,"column":5}},"loc":{"start":{"line":10,"column":29},"end":{"line":13,"column":5}},"line":10}},"branchMap":{},"s":{"0":5,"1":5,"2":5,"3":5,"4":5},"f":{"0":5,"1":5},"b":{},"_coverageSchema":"1a1c01bbd47fc00a2c39e90264f33305004495a9","hash":"125037a269d31a8e6a3d1755e2cc4286758e90ef"}
,"F:\\File BENI\\HACKTIV8\\Phase 2 Hacktiv8\\IP-RMT42\\Server\\models\\statistic.js": {"path":"F:\\File BENI\\HACKTIV8\\Phase 2 Hacktiv8\\IP-RMT42\\Server\\models\\statistic.js","statementMap":{"0":{"start":{"line":2,"column":18},"end":{"line":2,"column":38}},"1":{"start":{"line":3,"column":0},"end":{"line":59,"column":2}},"2":{"start":{"line":12,"column":6},"end":{"line":12,"column":39}},"3":{"start":{"line":15,"column":2},"end":{"line":57,"column":4}},"4":{"start":{"line":58,"column":2},"end":{"line":58,"column":19}}},"fnMap":{"0":{"name":"(anonymous_0)","decl":{"start":{"line":3,"column":17},"end":{"line":3,"column":18}},"loc":{"start":{"line":3,"column":43},"end":{"line":59,"column":1}},"line":3},"1":{"name":"(anonymous_1)","decl":{"start":{"line":10,"column":4},"end":{"line":10,"column":5}},"loc":{"start":{"line":10,"column":29},"end":{"line":13,"column":5}},"line":10}},"branchMap":{},"s":{"0":5,"1":5,"2":5,"3":5,"4":5},"f":{"0":5,"1":5},"b":{},"_coverageSchema":"1a1c01bbd47fc00a2c39e90264f33305004495a9","hash":"09e4b93f16b64c2447a6f0128c251ca7c9b03908"}
,"F:\\File BENI\\HACKTIV8\\Phase 2 Hacktiv8\\IP-RMT42\\Server\\models\\teams.js": {"path":"F:\\File BENI\\HACKTIV8\\Phase 2 Hacktiv8\\IP-RMT42\\Server\\models\\teams.js","statementMap":{"0":{"start":{"line":2,"column":18},"end":{"line":2,"column":38}},"1":{"start":{"line":3,"column":0},"end":{"line":52,"column":2}},"2":{"start":{"line":11,"column":6},"end":{"line":11,"column":34}},"3":{"start":{"line":12,"column":6},"end":{"line":12,"column":36}},"4":{"start":{"line":15,"column":2},"end":{"line":49,"column":4}},"5":{"start":{"line":51,"column":2},"end":{"line":51,"column":14}}},"fnMap":{"0":{"name":"(anonymous_0)","decl":{"start":{"line":3,"column":17},"end":{"line":3,"column":18}},"loc":{"start":{"line":3,"column":43},"end":{"line":52,"column":1}},"line":3},"1":{"name":"(anonymous_1)","decl":{"start":{"line":10,"column":4},"end":{"line":10,"column":5}},"loc":{"start":{"line":10,"column":29},"end":{"line":13,"column":5}},"line":10}},"branchMap":{},"s":{"0":5,"1":5,"2":5,"3":5,"4":5,"5":5},"f":{"0":5,"1":5},"b":{},"_coverageSchema":"1a1c01bbd47fc00a2c39e90264f33305004495a9","hash":"a5d07c32f0be1465fef1ce559cc70930189ea4d8"}
,"F:\\File BENI\\HACKTIV8\\Phase 2 Hacktiv8\\IP-RMT42\\Server\\models\\user.js": {"path":"F:\\File BENI\\HACKTIV8\\Phase 2 Hacktiv8\\IP-RMT42\\Server\\models\\user.js","statementMap":{"0":{"start":{"line":2,"column":18},"end":{"line":2,"column":38}},"1":{"start":{"line":3,"column":25},"end":{"line":3,"column":53}},"2":{"start":{"line":4,"column":0},"end":{"line":79,"column":2}},"3":{"start":{"line":13,"column":6},"end":{"line":13,"column":32}},"4":{"start":{"line":14,"column":6},"end":{"line":14,"column":33}},"5":{"start":{"line":17,"column":2},"end":{"line":72,"column":4}},"6":{"start":{"line":74,"column":2},"end":{"line":76,"column":5}},"7":{"start":{"line":75,"column":4},"end":{"line":75,"column":56}},"8":{"start":{"line":78,"column":2},"end":{"line":78,"column":14}}},"fnMap":{"0":{"name":"(anonymous_0)","decl":{"start":{"line":4,"column":17},"end":{"line":4,"column":18}},"loc":{"start":{"line":4,"column":43},"end":{"line":79,"column":1}},"line":4},"1":{"name":"(anonymous_1)","decl":{"start":{"line":11,"column":4},"end":{"line":11,"column":5}},"loc":{"start":{"line":11,"column":29},"end":{"line":15,"column":5}},"line":11},"2":{"name":"(anonymous_2)","decl":{"start":{"line":74,"column":20},"end":{"line":74,"column":21}},"loc":{"start":{"line":74,"column":34},"end":{"line":76,"column":3}},"line":74}},"branchMap":{},"s":{"0":5,"1":5,"2":5,"3":5,"4":5,"5":5,"6":5,"7":7,"8":5},"f":{"0":5,"1":5,"2":7},"b":{},"_coverageSchema":"1a1c01bbd47fc00a2c39e90264f33305004495a9","hash":"0afe773f14a459b9d01d4324c7121e3df37fa104"}
,"F:\\File BENI\\HACKTIV8\\Phase 2 Hacktiv8\\IP-RMT42\\Server\\router\\index.js": {"path":"F:\\File BENI\\HACKTIV8\\Phase 2 Hacktiv8\\IP-RMT42\\Server\\router\\index.js","statementMap":{"0":{"start":{"line":1,"column":15},"end":{"line":1,"column":42}},"1":{"start":{"line":2,"column":14},"end":{"line":2,"column":31}},"2":{"start":{"line":3,"column":14},"end":{"line":3,"column":32}},"3":{"start":{"line":4,"column":25},"end":{"line":4,"column":43}},"4":{"start":{"line":6,"column":0},"end":{"line":6,"column":28}},"5":{"start":{"line":7,"column":0},"end":{"line":7,"column":28}},"6":{"start":{"line":8,"column":0},"end":{"line":8,"column":25}},"7":{"start":{"line":10,"column":0},"end":{"line":10,"column":24}}},"fnMap":{},"branchMap":{},"s":{"0":5,"1":5,"2":5,"3":5,"4":5,"5":5,"6":5,"7":5},"f":{},"b":{},"_coverageSchema":"1a1c01bbd47fc00a2c39e90264f33305004495a9","hash":"a3dc836cb394c35df407e0a6309c8b35351534d4"}
,"F:\\File BENI\\HACKTIV8\\Phase 2 Hacktiv8\\IP-RMT42\\Server\\router\\teams.js": {"path":"F:\\File BENI\\HACKTIV8\\Phase 2 Hacktiv8\\IP-RMT42\\Server\\router\\teams.js","statementMap":{"0":{"start":{"line":1,"column":42},"end":{"line":1,"column":60}},"1":{"start":{"line":2,"column":23},"end":{"line":2,"column":63}},"2":{"start":{"line":4,"column":15},"end":{"line":4,"column":42}},"3":{"start":{"line":6,"column":0},"end":{"line":6,"column":27}},"4":{"start":{"line":7,"column":0},"end":{"line":7,"column":43}},"5":{"start":{"line":8,"column":0},"end":{"line":8,"column":75}},"6":{"start":{"line":9,"column":0},"end":{"line":9,"column":51}},"7":{"start":{"line":11,"column":0},"end":{"line":11,"column":24}}},"fnMap":{},"branchMap":{},"s":{"0":5,"1":5,"2":5,"3":5,"4":5,"5":5,"6":5,"7":5},"f":{},"b":{},"_coverageSchema":"1a1c01bbd47fc00a2c39e90264f33305004495a9","hash":"4d9154b41444f0a1b83e9b640846907ac84225ba"}
,"F:\\File BENI\\HACKTIV8\\Phase 2 Hacktiv8\\IP-RMT42\\Server\\router\\user.js": {"path":"F:\\File BENI\\HACKTIV8\\Phase 2 Hacktiv8\\IP-RMT42\\Server\\router\\user.js","statementMap":{"0":{"start":{"line":1,"column":27},"end":{"line":1,"column":45}},"1":{"start":{"line":2,"column":27},"end":{"line":2,"column":71}},"2":{"start":{"line":3,"column":23},"end":{"line":3,"column":63}},"3":{"start":{"line":5,"column":15},"end":{"line":5,"column":42}},"4":{"start":{"line":7,"column":0},"end":{"line":7,"column":50}},"5":{"start":{"line":8,"column":0},"end":{"line":8,"column":44}},"6":{"start":{"line":9,"column":0},"end":{"line":9,"column":50}},"7":{"start":{"line":10,"column":0},"end":{"line":10,"column":83}},"8":{"start":{"line":11,"column":0},"end":{"line":11,"column":75}},"9":{"start":{"line":13,"column":0},"end":{"line":13,"column":24}}},"fnMap":{},"branchMap":{},"s":{"0":5,"1":5,"2":5,"3":5,"4":5,"5":5,"6":5,"7":5,"8":5,"9":5},"f":{},"b":{},"_coverageSchema":"1a1c01bbd47fc00a2c39e90264f33305004495a9","hash":"e8374771bf0ded9dce22122b2935479f5ed54ef5"}
}
