{"F:\\File BENI\\HACKTIV8\\Phase 2 Hacktiv8\\IP-RMT42\\Server\\app.js": {"path":"F:\\File BENI\\HACKTIV8\\Phase 2 Hacktiv8\\IP-RMT42\\Server\\app.js","statementMap":{"0":{"start":{"line":1,"column":0},"end":{"line":3,"column":1}},"1":{"start":{"line":2,"column":2},"end":{"line":2,"column":29}},"2":{"start":{"line":5,"column":16},"end":{"line":5,"column":34}},"3":{"start":{"line":6,"column":15},"end":{"line":6,"column":34}},"4":{"start":{"line":7,"column":13},"end":{"line":7,"column":28}},"5":{"start":{"line":8,"column":12},"end":{"line":8,"column":21}},"6":{"start":{"line":10,"column":0},"end":{"line":10,"column":16}},"7":{"start":{"line":11,"column":0},"end":{"line":11,"column":48}},"8":{"start":{"line":12,"column":0},"end":{"line":12,"column":24}},"9":{"start":{"line":13,"column":0},"end":{"line":13,"column":16}},"10":{"start":{"line":15,"column":0},"end":{"line":15,"column":21}}},"fnMap":{},"branchMap":{"0":{"loc":{"start":{"line":1,"column":0},"end":{"line":3,"column":1}},"type":"if","locations":[{"start":{"line":1,"column":0},"end":{"line":3,"column":1}},{"start":{},"end":{}}],"line":1}},"s":{"0":6,"1":6,"2":6,"3":6,"4":6,"5":6,"6":6,"7":6,"8":6,"9":6,"10":6},"f":{},"b":{"0":[6,0]},"_coverageSchema":"1a1c01bbd47fc00a2c39e90264f33305004495a9","hash":"c926340e3bbea6e67b6294f2b93db67b6fe1282d"}
,"F:\\File BENI\\HACKTIV8\\Phase 2 Hacktiv8\\IP-RMT42\\Server\\auth\\authentication.js": {"path":"F:\\File BENI\\HACKTIV8\\Phase 2 Hacktiv8\\IP-RMT42\\Server\\auth\\authentication.js","statementMap":{"0":{"start":{"line":1,"column":24},"end":{"line":1,"column":49}},"1":{"start":{"line":2,"column":17},"end":{"line":2,"column":37}},"2":{"start":{"line":5,"column":2},"end":{"line":16,"column":3}},"3":{"start":{"line":6,"column":25},"end":{"line":6,"column":50}},"4":{"start":{"line":7,"column":4},"end":{"line":7,"column":57}},"5":{"start":{"line":7,"column":23},"end":{"line":7,"column":57}},"6":{"start":{"line":8,"column":22},"end":{"line":8,"column":70}},"7":{"start":{"line":9,"column":4},"end":{"line":9,"column":54}},"8":{"start":{"line":9,"column":20},"end":{"line":9,"column":54}},"9":{"start":{"line":10,"column":17},"end":{"line":10,"column":50}},"10":{"start":{"line":11,"column":4},"end":{"line":11,"column":49}},"11":{"start":{"line":11,"column":15},"end":{"line":11,"column":49}},"12":{"start":{"line":12,"column":4},"end":{"line":12,"column":90}},"13":{"start":{"line":13,"column":4},"end":{"line":13,"column":11}},"14":{"start":{"line":15,"column":4},"end":{"line":15,"column":16}},"15":{"start":{"line":19,"column":0},"end":{"line":19,"column":32}}},"fnMap":{"0":{"name":"authentication","decl":{"start":{"line":4,"column":15},"end":{"line":4,"column":29}},"loc":{"start":{"line":4,"column":46},"end":{"line":17,"column":1}},"line":4}},"branchMap":{"0":{"loc":{"start":{"line":7,"column":4},"end":{"line":7,"column":57}},"type":"if","locations":[{"start":{"line":7,"column":4},"end":{"line":7,"column":57}},{"start":{},"end":{}}],"line":7},"1":{"loc":{"start":{"line":9,"column":4},"end":{"line":9,"column":54}},"type":"if","locations":[{"start":{"line":9,"column":4},"end":{"line":9,"column":54}},{"start":{},"end":{}}],"line":9},"2":{"loc":{"start":{"line":11,"column":4},"end":{"line":11,"column":49}},"type":"if","locations":[{"start":{"line":11,"column":4},"end":{"line":11,"column":49}},{"start":{},"end":{}}],"line":11}},"s":{"0":6,"1":6,"2":11,"3":11,"4":11,"5":4,"6":7,"7":6,"8":0,"9":6,"10":6,"11":0,"12":6,"13":6,"14":5,"15":6},"f":{"0":11},"b":{"0":[4,7],"1":[0,6],"2":[0,6]},"_coverageSchema":"1a1c01bbd47fc00a2c39e90264f33305004495a9","hash":"e0800e51904a539906a95f98156adf3ed4e907a0"}
,"F:\\File BENI\\HACKTIV8\\Phase 2 Hacktiv8\\IP-RMT42\\Server\\auth\\authorization.js": {"path":"F:\\File BENI\\HACKTIV8\\Phase 2 Hacktiv8\\IP-RMT42\\Server\\auth\\authorization.js","statementMap":{"0":{"start":{"line":2,"column":2},"end":{"line":10,"column":3}},"1":{"start":{"line":3,"column":4},"end":{"line":7,"column":5}},"2":{"start":{"line":4,"column":6},"end":{"line":4,"column":20}},"3":{"start":{"line":6,"column":6},"end":{"line":6,"column":34}},"4":{"start":{"line":9,"column":4},"end":{"line":9,"column":16}},"5":{"start":{"line":13,"column":0},"end":{"line":13,"column":31}}},"fnMap":{"0":{"name":"authorization","decl":{"start":{"line":1,"column":15},"end":{"line":1,"column":28}},"loc":{"start":{"line":1,"column":45},"end":{"line":11,"column":1}},"line":1}},"branchMap":{"0":{"loc":{"start":{"line":3,"column":4},"end":{"line":7,"column":5}},"type":"if","locations":[{"start":{"line":3,"column":4},"end":{"line":7,"column":5}},{"start":{"line":5,"column":11},"end":{"line":7,"column":5}}],"line":3}},"s":{"0":5,"1":5,"2":4,"3":1,"4":1,"5":6},"f":{"0":5},"b":{"0":[4,1]},"_coverageSchema":"1a1c01bbd47fc00a2c39e90264f33305004495a9","hash":"48cefa2abb5d4bce860b80bd4d042034016e8cce"}
,"F:\\File BENI\\HACKTIV8\\Phase 2 Hacktiv8\\IP-RMT42\\Server\\auth\\errorhandler.js": {"path":"F:\\File BENI\\HACKTIV8\\Phase 2 Hacktiv8\\IP-RMT42\\Server\\auth\\errorhandler.js","statementMap":{"0":{"start":{"line":3,"column":2},"end":{"line":36,"column":3}},"1":{"start":{"line":6,"column":6},"end":{"line":6,"column":23}},"2":{"start":{"line":7,"column":6},"end":{"line":7,"column":40}},"3":{"start":{"line":8,"column":6},"end":{"line":8,"column":12}},"4":{"start":{"line":11,"column":6},"end":{"line":11,"column":23}},"5":{"start":{"line":12,"column":6},"end":{"line":12,"column":30}},"6":{"start":{"line":13,"column":6},"end":{"line":13,"column":12}},"7":{"start":{"line":18,"column":6},"end":{"line":18,"column":23}},"8":{"start":{"line":19,"column":6},"end":{"line":19,"column":51}},"9":{"start":{"line":20,"column":6},"end":{"line":20,"column":12}},"10":{"start":{"line":23,"column":6},"end":{"line":23,"column":23}},"11":{"start":{"line":24,"column":6},"end":{"line":24,"column":41}},"12":{"start":{"line":25,"column":6},"end":{"line":25,"column":12}},"13":{"start":{"line":28,"column":6},"end":{"line":28,"column":23}},"14":{"start":{"line":29,"column":6},"end":{"line":29,"column":33}},"15":{"start":{"line":30,"column":6},"end":{"line":30,"column":12}},"16":{"start":{"line":33,"column":6},"end":{"line":33,"column":23}},"17":{"start":{"line":34,"column":6},"end":{"line":34,"column":40}},"18":{"start":{"line":35,"column":6},"end":{"line":35,"column":12}},"19":{"start":{"line":38,"column":2},"end":{"line":38,"column":43}},"20":{"start":{"line":41,"column":0},"end":{"line":41,"column":30}}},"fnMap":{"0":{"name":"errorHandler","decl":{"start":{"line":1,"column":9},"end":{"line":1,"column":21}},"loc":{"start":{"line":1,"column":45},"end":{"line":39,"column":1}},"line":1}},"branchMap":{"0":{"loc":{"start":{"line":3,"column":2},"end":{"line":36,"column":3}},"type":"switch","locations":[{"start":{"line":4,"column":4},"end":{"line":4,"column":36}},{"start":{"line":5,"column":4},"end":{"line":8,"column":12}},{"start":{"line":10,"column":4},"end":{"line":13,"column":12}},{"start":{"line":15,"column":4},"end":{"line":15,"column":23}},{"start":{"line":16,"column":4},"end":{"line":16,"column":27}},{"start":{"line":17,"column":4},"end":{"line":20,"column":12}},{"start":{"line":22,"column":4},"end":{"line":25,"column":12}},{"start":{"line":27,"column":4},"end":{"line":30,"column":12}},{"start":{"line":32,"column":4},"end":{"line":35,"column":12}}],"line":3},"1":{"loc":{"start":{"line":19,"column":16},"end":{"line":19,"column":50}},"type":"binary-expr","locations":[{"start":{"line":19,"column":16},"end":{"line":19,"column":29}},{"start":{"line":19,"column":33},"end":{"line":19,"column":50}}],"line":19}},"s":{"0":17,"1":5,"2":5,"3":5,"4":2,"5":2,"6":2,"7":7,"8":7,"9":7,"10":1,"11":1,"12":1,"13":2,"14":2,"15":2,"16":0,"17":0,"18":0,"19":17,"20":6},"f":{"0":17},"b":{"0":[4,5,2,2,6,7,1,2,0],"1":[7,4]},"_coverageSchema":"1a1c01bbd47fc00a2c39e90264f33305004495a9","hash":"aa369a1e8d4bffc68000824f933df6530fb479d4"}
,"F:\\File BENI\\HACKTIV8\\Phase 2 Hacktiv8\\IP-RMT42\\Server\\auth\\index.js": {"path":"F:\\File BENI\\HACKTIV8\\Phase 2 Hacktiv8\\IP-RMT42\\Server\\auth\\index.js","statementMap":{"0":{"start":{"line":1,"column":23},"end":{"line":1,"column":50}},"1":{"start":{"line":2,"column":22},"end":{"line":2,"column":48}},"2":{"start":{"line":3,"column":21},"end":{"line":3,"column":46}},"3":{"start":{"line":5,"column":0},"end":{"line":9,"column":2}}},"fnMap":{},"branchMap":{},"s":{"0":6,"1":6,"2":6,"3":6},"f":{},"b":{},"_coverageSchema":"1a1c01bbd47fc00a2c39e90264f33305004495a9","hash":"a9a046d5e20a1423f7263a6923f2c8bd4dfc67d5"}
,"F:\\File BENI\\HACKTIV8\\Phase 2 Hacktiv8\\IP-RMT42\\Server\\controllers\\controllerTeam.js": {"path":"F:\\File BENI\\HACKTIV8\\Phase 2 Hacktiv8\\IP-RMT42\\Server\\controllers\\controllerTeam.js","statementMap":{"0":{"start":{"line":1,"column":17},"end":{"line":1,"column":37}},"1":{"start":{"line":5,"column":4},"end":{"line":10,"column":5}},"2":{"start":{"line":6,"column":20},"end":{"line":6,"column":40}},"3":{"start":{"line":7,"column":6},"end":{"line":7,"column":34}},"4":{"start":{"line":9,"column":6},"end":{"line":9,"column":18}},"5":{"start":{"line":14,"column":4},"end":{"line":14,"column":28}},"6":{"start":{"line":15,"column":4},"end":{"line":26,"column":5}},"7":{"start":{"line":16,"column":19},"end":{"line":21,"column":8}},"8":{"start":{"line":22,"column":6},"end":{"line":22,"column":72}},"9":{"start":{"line":22,"column":17},"end":{"line":22,"column":72}},"10":{"start":{"line":23,"column":6},"end":{"line":23,"column":33}},"11":{"start":{"line":25,"column":6},"end":{"line":25,"column":18}},"12":{"start":{"line":30,"column":43},"end":{"line":30,"column":51}},"13":{"start":{"line":31,"column":4},"end":{"line":31,"column":32}},"14":{"start":{"line":32,"column":4},"end":{"line":40,"column":5}},"15":{"start":{"line":33,"column":25},"end":{"line":33,"column":63}},"16":{"start":{"line":34,"column":6},"end":{"line":34,"column":78}},"17":{"start":{"line":34,"column":23},"end":{"line":34,"column":78}},"18":{"start":{"line":36,"column":6},"end":{"line":36,"column":62}},"19":{"start":{"line":37,"column":6},"end":{"line":37,"column":93}},"20":{"start":{"line":39,"column":6},"end":{"line":39,"column":18}},"21":{"start":{"line":44,"column":4},"end":{"line":51,"column":5}},"22":{"start":{"line":45,"column":19},"end":{"line":45,"column":57}},"23":{"start":{"line":46,"column":6},"end":{"line":46,"column":72}},"24":{"start":{"line":46,"column":17},"end":{"line":46,"column":72}},"25":{"start":{"line":47,"column":6},"end":{"line":47,"column":27}},"26":{"start":{"line":48,"column":6},"end":{"line":48,"column":97}},"27":{"start":{"line":50,"column":6},"end":{"line":50,"column":18}},"28":{"start":{"line":55,"column":0},"end":{"line":55,"column":32}}},"fnMap":{"0":{"name":"(anonymous_0)","decl":{"start":{"line":4,"column":2},"end":{"line":4,"column":3}},"loc":{"start":{"line":4,"column":39},"end":{"line":11,"column":3}},"line":4},"1":{"name":"(anonymous_1)","decl":{"start":{"line":13,"column":2},"end":{"line":13,"column":3}},"loc":{"start":{"line":13,"column":43},"end":{"line":27,"column":3}},"line":13},"2":{"name":"(anonymous_2)","decl":{"start":{"line":29,"column":2},"end":{"line":29,"column":3}},"loc":{"start":{"line":29,"column":42},"end":{"line":41,"column":3}},"line":29},"3":{"name":"(anonymous_3)","decl":{"start":{"line":43,"column":2},"end":{"line":43,"column":3}},"loc":{"start":{"line":43,"column":42},"end":{"line":52,"column":3}},"line":43}},"branchMap":{"0":{"loc":{"start":{"line":22,"column":6},"end":{"line":22,"column":72}},"type":"if","locations":[{"start":{"line":22,"column":6},"end":{"line":22,"column":72}},{"start":{},"end":{}}],"line":22},"1":{"loc":{"start":{"line":34,"column":6},"end":{"line":34,"column":78}},"type":"if","locations":[{"start":{"line":34,"column":6},"end":{"line":34,"column":78}},{"start":{},"end":{}}],"line":34},"2":{"loc":{"start":{"line":46,"column":6},"end":{"line":46,"column":72}},"type":"if","locations":[{"start":{"line":46,"column":6},"end":{"line":46,"column":72}},{"start":{},"end":{}}],"line":46}},"s":{"0":6,"1":1,"2":1,"3":1,"4":0,"5":0,"6":0,"7":0,"8":0,"9":0,"10":0,"11":0,"12":2,"13":2,"14":2,"15":2,"16":2,"17":1,"18":1,"19":1,"20":1,"21":2,"22":2,"23":2,"24":1,"25":1,"26":1,"27":1,"28":6},"f":{"0":1,"1":0,"2":2,"3":2},"b":{"0":[0,0],"1":[1,1],"2":[1,1]},"_coverageSchema":"1a1c01bbd47fc00a2c39e90264f33305004495a9","hash":"03fe2d9351517fd9c446f5ebec9addb2f14c3261"}
,"F:\\File BENI\\HACKTIV8\\Phase 2 Hacktiv8\\IP-RMT42\\Server\\controllers\\controllerUser.js": {"path":"F:\\File BENI\\HACKTIV8\\Phase 2 Hacktiv8\\IP-RMT42\\Server\\controllers\\controllerUser.js","statementMap":{"0":{"start":{"line":1,"column":23},"end":{"line":1,"column":51}},"1":{"start":{"line":2,"column":22},"end":{"line":2,"column":47}},"2":{"start":{"line":3,"column":17},"end":{"line":3,"column":37}},"3":{"start":{"line":7,"column":38},"end":{"line":7,"column":46}},"4":{"start":{"line":8,"column":4},"end":{"line":13,"column":5}},"5":{"start":{"line":9,"column":6},"end":{"line":9,"column":51}},"6":{"start":{"line":10,"column":6},"end":{"line":10,"column":80}},"7":{"start":{"line":12,"column":6},"end":{"line":12,"column":18}},"8":{"start":{"line":17,"column":32},"end":{"line":17,"column":40}},"9":{"start":{"line":18,"column":4},"end":{"line":18,"column":26}},"10":{"start":{"line":19,"column":4},"end":{"line":43,"column":5}},"11":{"start":{"line":20,"column":6},"end":{"line":22,"column":7}},"12":{"start":{"line":21,"column":8},"end":{"line":21,"column":84}},"13":{"start":{"line":24,"column":6},"end":{"line":26,"column":7}},"14":{"start":{"line":25,"column":8},"end":{"line":25,"column":84}},"15":{"start":{"line":28,"column":19},"end":{"line":28,"column":59}},"16":{"start":{"line":29,"column":6},"end":{"line":31,"column":7}},"17":{"start":{"line":30,"column":8},"end":{"line":30,"column":79}},"18":{"start":{"line":33,"column":25},"end":{"line":33,"column":60}},"19":{"start":{"line":34,"column":6},"end":{"line":36,"column":7}},"20":{"start":{"line":35,"column":8},"end":{"line":35,"column":79}},"21":{"start":{"line":38,"column":27},"end":{"line":38,"column":70}},"22":{"start":{"line":40,"column":6},"end":{"line":40,"column":45}},"23":{"start":{"line":42,"column":6},"end":{"line":42,"column":18}},"24":{"start":{"line":47,"column":0},"end":{"line":47,"column":32}}},"fnMap":{"0":{"name":"(anonymous_0)","decl":{"start":{"line":6,"column":2},"end":{"line":6,"column":3}},"loc":{"start":{"line":6,"column":40},"end":{"line":14,"column":3}},"line":6},"1":{"name":"(anonymous_1)","decl":{"start":{"line":16,"column":2},"end":{"line":16,"column":3}},"loc":{"start":{"line":16,"column":37},"end":{"line":44,"column":3}},"line":16}},"branchMap":{"0":{"loc":{"start":{"line":20,"column":6},"end":{"line":22,"column":7}},"type":"if","locations":[{"start":{"line":20,"column":6},"end":{"line":22,"column":7}},{"start":{},"end":{}}],"line":20},"1":{"loc":{"start":{"line":24,"column":6},"end":{"line":26,"column":7}},"type":"if","locations":[{"start":{"line":24,"column":6},"end":{"line":26,"column":7}},{"start":{},"end":{}}],"line":24},"2":{"loc":{"start":{"line":29,"column":6},"end":{"line":31,"column":7}},"type":"if","locations":[{"start":{"line":29,"column":6},"end":{"line":31,"column":7}},{"start":{},"end":{}}],"line":29},"3":{"loc":{"start":{"line":34,"column":6},"end":{"line":36,"column":7}},"type":"if","locations":[{"start":{"line":34,"column":6},"end":{"line":36,"column":7}},{"start":{},"end":{}}],"line":34}},"s":{"0":6,"1":6,"2":6,"3":6,"4":6,"5":6,"6":1,"7":5,"8":5,"9":5,"10":5,"11":5,"12":1,"13":4,"14":1,"15":3,"16":3,"17":2,"18":1,"19":1,"20":0,"21":1,"22":1,"23":4,"24":6},"f":{"0":6,"1":5},"b":{"0":[1,4],"1":[1,3],"2":[2,1],"3":[0,1]},"_coverageSchema":"1a1c01bbd47fc00a2c39e90264f33305004495a9","hash":"4bbba7966f16d7a8c43cad1afe17575afd13a1af"}
,"F:\\File BENI\\HACKTIV8\\Phase 2 Hacktiv8\\IP-RMT42\\Server\\helpers\\bcrypt.js": {"path":"F:\\File BENI\\HACKTIV8\\Phase 2 Hacktiv8\\IP-RMT42\\Server\\helpers\\bcrypt.js","statementMap":{"0":{"start":{"line":1,"column":15},"end":{"line":1,"column":34}},"1":{"start":{"line":3,"column":21},"end":{"line":6,"column":1}},"2":{"start":{"line":4,"column":15},"end":{"line":4,"column":37}},"3":{"start":{"line":5,"column":2},"end":{"line":5,"column":41}},"4":{"start":{"line":8,"column":19},"end":{"line":10,"column":1}},"5":{"start":{"line":9,"column":2},"end":{"line":9,"column":52}},"6":{"start":{"line":12,"column":0},"end":{"line":15,"column":2}}},"fnMap":{"0":{"name":"(anonymous_0)","decl":{"start":{"line":3,"column":21},"end":{"line":3,"column":22}},"loc":{"start":{"line":3,"column":35},"end":{"line":6,"column":1}},"line":3},"1":{"name":"(anonymous_1)","decl":{"start":{"line":8,"column":19},"end":{"line":8,"column":20}},"loc":{"start":{"line":8,"column":47},"end":{"line":10,"column":1}},"line":8}},"branchMap":{},"s":{"0":6,"1":6,"2":9,"3":9,"4":6,"5":1,"6":6},"f":{"0":9,"1":1},"b":{},"_coverageSchema":"1a1c01bbd47fc00a2c39e90264f33305004495a9","hash":"ad0eb4ee759a1980e332e582eeabab9da7823943"}
,"F:\\File BENI\\HACKTIV8\\Phase 2 Hacktiv8\\IP-RMT42\\Server\\helpers\\jwt.js": {"path":"F:\\File BENI\\HACKTIV8\\Phase 2 Hacktiv8\\IP-RMT42\\Server\\helpers\\jwt.js","statementMap":{"0":{"start":{"line":1,"column":12},"end":{"line":1,"column":35}},"1":{"start":{"line":3,"column":15},"end":{"line":3,"column":37}},"2":{"start":{"line":5,"column":18},"end":{"line":7,"column":1}},"3":{"start":{"line":6,"column":2},"end":{"line":6,"column":35}},"4":{"start":{"line":9,"column":20},"end":{"line":11,"column":1}},"5":{"start":{"line":10,"column":2},"end":{"line":10,"column":35}},"6":{"start":{"line":13,"column":0},"end":{"line":16,"column":2}}},"fnMap":{"0":{"name":"(anonymous_0)","decl":{"start":{"line":5,"column":18},"end":{"line":5,"column":19}},"loc":{"start":{"line":5,"column":31},"end":{"line":7,"column":1}},"line":5},"1":{"name":"(anonymous_1)","decl":{"start":{"line":9,"column":20},"end":{"line":9,"column":21}},"loc":{"start":{"line":9,"column":31},"end":{"line":11,"column":1}},"line":9}},"branchMap":{},"s":{"0":6,"1":6,"2":6,"3":6,"4":6,"5":7,"6":6},"f":{"0":6,"1":7},"b":{},"_coverageSchema":"1a1c01bbd47fc00a2c39e90264f33305004495a9","hash":"b9656270f273632d2bae8963cdf38d7ef9754f92"}
,"F:\\File BENI\\HACKTIV8\\Phase 2 Hacktiv8\\IP-RMT42\\Server\\models\\index.js": {"path":"F:\\File BENI\\HACKTIV8\\Phase 2 Hacktiv8\\IP-RMT42\\Server\\models\\index.js","statementMap":{"0":{"start":{"line":3,"column":11},"end":{"line":3,"column":24}},"1":{"start":{"line":4,"column":13},"end":{"line":4,"column":28}},"2":{"start":{"line":5,"column":18},"end":{"line":5,"column":38}},"3":{"start":{"line":6,"column":16},"end":{"line":6,"column":34}},"4":{"start":{"line":7,"column":17},"end":{"line":7,"column":42}},"5":{"start":{"line":8,"column":12},"end":{"line":8,"column":49}},"6":{"start":{"line":9,"column":15},"end":{"line":9,"column":65}},"7":{"start":{"line":10,"column":11},"end":{"line":10,"column":13}},"8":{"start":{"line":13,"column":0},"end":{"line":17,"column":1}},"9":{"start":{"line":14,"column":2},"end":{"line":14,"column":74}},"10":{"start":{"line":16,"column":2},"end":{"line":16,"column":87}},"11":{"start":{"line":19,"column":0},"end":{"line":32,"column":5}},"12":{"start":{"line":22,"column":4},"end":{"line":27,"column":6}},"13":{"start":{"line":30,"column":18},"end":{"line":30,"column":85}},"14":{"start":{"line":31,"column":4},"end":{"line":31,"column":27}},"15":{"start":{"line":34,"column":0},"end":{"line":38,"column":3}},"16":{"start":{"line":35,"column":2},"end":{"line":37,"column":3}},"17":{"start":{"line":36,"column":4},"end":{"line":36,"column":32}},"18":{"start":{"line":40,"column":0},"end":{"line":40,"column":25}},"19":{"start":{"line":41,"column":0},"end":{"line":41,"column":25}},"20":{"start":{"line":43,"column":0},"end":{"line":43,"column":20}}},"fnMap":{"0":{"name":"(anonymous_0)","decl":{"start":{"line":21,"column":10},"end":{"line":21,"column":11}},"loc":{"start":{"line":21,"column":18},"end":{"line":28,"column":3}},"line":21},"1":{"name":"(anonymous_1)","decl":{"start":{"line":29,"column":11},"end":{"line":29,"column":12}},"loc":{"start":{"line":29,"column":19},"end":{"line":32,"column":3}},"line":29},"2":{"name":"(anonymous_2)","decl":{"start":{"line":34,"column":24},"end":{"line":34,"column":25}},"loc":{"start":{"line":34,"column":37},"end":{"line":38,"column":1}},"line":34}},"branchMap":{"0":{"loc":{"start":{"line":8,"column":12},"end":{"line":8,"column":49}},"type":"binary-expr","locations":[{"start":{"line":8,"column":12},"end":{"line":8,"column":32}},{"start":{"line":8,"column":36},"end":{"line":8,"column":49}}],"line":8},"1":{"loc":{"start":{"line":13,"column":0},"end":{"line":17,"column":1}},"type":"if","locations":[{"start":{"line":13,"column":0},"end":{"line":17,"column":1}},{"start":{"line":15,"column":7},"end":{"line":17,"column":1}}],"line":13},"2":{"loc":{"start":{"line":23,"column":6},"end":{"line":26,"column":37}},"type":"binary-expr","locations":[{"start":{"line":23,"column":6},"end":{"line":23,"column":29}},{"start":{"line":24,"column":6},"end":{"line":24,"column":23}},{"start":{"line":25,"column":6},"end":{"line":25,"column":30}},{"start":{"line":26,"column":6},"end":{"line":26,"column":37}}],"line":23},"3":{"loc":{"start":{"line":35,"column":2},"end":{"line":37,"column":3}},"type":"if","locations":[{"start":{"line":35,"column":2},"end":{"line":37,"column":3}},{"start":{},"end":{}}],"line":35}},"s":{"0":6,"1":6,"2":6,"3":6,"4":6,"5":6,"6":6,"7":6,"8":6,"9":0,"10":6,"11":6,"12":24,"13":18,"14":18,"15":6,"16":18,"17":18,"18":6,"19":6,"20":6},"f":{"0":24,"1":18,"2":18},"b":{"0":[6,0],"1":[0,6],"2":[24,24,18,18],"3":[18,0]},"_coverageSchema":"1a1c01bbd47fc00a2c39e90264f33305004495a9","hash":"4adaf2be2fc1e2998c577f8d6223d6ec296ef251"}
,"F:\\File BENI\\HACKTIV8\\Phase 2 Hacktiv8\\IP-RMT42\\Server\\models\\statistic.js": {"path":"F:\\File BENI\\HACKTIV8\\Phase 2 Hacktiv8\\IP-RMT42\\Server\\models\\statistic.js","statementMap":{"0":{"start":{"line":2,"column":18},"end":{"line":2,"column":38}},"1":{"start":{"line":3,"column":0},"end":{"line":59,"column":2}},"2":{"start":{"line":12,"column":6},"end":{"line":12,"column":39}},"3":{"start":{"line":15,"column":2},"end":{"line":57,"column":4}},"4":{"start":{"line":58,"column":2},"end":{"line":58,"column":19}}},"fnMap":{"0":{"name":"(anonymous_0)","decl":{"start":{"line":3,"column":17},"end":{"line":3,"column":18}},"loc":{"start":{"line":3,"column":43},"end":{"line":59,"column":1}},"line":3},"1":{"name":"(anonymous_1)","decl":{"start":{"line":10,"column":4},"end":{"line":10,"column":5}},"loc":{"start":{"line":10,"column":29},"end":{"line":13,"column":5}},"line":10}},"branchMap":{},"s":{"0":6,"1":6,"2":6,"3":6,"4":6},"f":{"0":6,"1":6},"b":{},"_coverageSchema":"1a1c01bbd47fc00a2c39e90264f33305004495a9","hash":"09e4b93f16b64c2447a6f0128c251ca7c9b03908"}
,"F:\\File BENI\\HACKTIV8\\Phase 2 Hacktiv8\\IP-RMT42\\Server\\models\\teams.js": {"path":"F:\\File BENI\\HACKTIV8\\Phase 2 Hacktiv8\\IP-RMT42\\Server\\models\\teams.js","statementMap":{"0":{"start":{"line":2,"column":18},"end":{"line":2,"column":38}},"1":{"start":{"line":3,"column":0},"end":{"line":52,"column":2}},"2":{"start":{"line":11,"column":6},"end":{"line":11,"column":34}},"3":{"start":{"line":12,"column":6},"end":{"line":12,"column":36}},"4":{"start":{"line":15,"column":2},"end":{"line":49,"column":4}},"5":{"start":{"line":51,"column":2},"end":{"line":51,"column":14}}},"fnMap":{"0":{"name":"(anonymous_0)","decl":{"start":{"line":3,"column":17},"end":{"line":3,"column":18}},"loc":{"start":{"line":3,"column":43},"end":{"line":52,"column":1}},"line":3},"1":{"name":"(anonymous_1)","decl":{"start":{"line":10,"column":4},"end":{"line":10,"column":5}},"loc":{"start":{"line":10,"column":29},"end":{"line":13,"column":5}},"line":10}},"branchMap":{},"s":{"0":6,"1":6,"2":6,"3":6,"4":6,"5":6},"f":{"0":6,"1":6},"b":{},"_coverageSchema":"1a1c01bbd47fc00a2c39e90264f33305004495a9","hash":"a5d07c32f0be1465fef1ce559cc70930189ea4d8"}
,"F:\\File BENI\\HACKTIV8\\Phase 2 Hacktiv8\\IP-RMT42\\Server\\models\\user.js": {"path":"F:\\File BENI\\HACKTIV8\\Phase 2 Hacktiv8\\IP-RMT42\\Server\\models\\user.js","statementMap":{"0":{"start":{"line":2,"column":18},"end":{"line":2,"column":38}},"1":{"start":{"line":3,"column":25},"end":{"line":3,"column":53}},"2":{"start":{"line":4,"column":0},"end":{"line":78,"column":2}},"3":{"start":{"line":13,"column":6},"end":{"line":13,"column":32}},"4":{"start":{"line":16,"column":2},"end":{"line":71,"column":4}},"5":{"start":{"line":73,"column":2},"end":{"line":75,"column":5}},"6":{"start":{"line":74,"column":4},"end":{"line":74,"column":56}},"7":{"start":{"line":77,"column":2},"end":{"line":77,"column":14}}},"fnMap":{"0":{"name":"(anonymous_0)","decl":{"start":{"line":4,"column":17},"end":{"line":4,"column":18}},"loc":{"start":{"line":4,"column":43},"end":{"line":78,"column":1}},"line":4},"1":{"name":"(anonymous_1)","decl":{"start":{"line":11,"column":4},"end":{"line":11,"column":5}},"loc":{"start":{"line":11,"column":29},"end":{"line":14,"column":5}},"line":11},"2":{"name":"(anonymous_2)","decl":{"start":{"line":73,"column":20},"end":{"line":73,"column":21}},"loc":{"start":{"line":73,"column":34},"end":{"line":75,"column":3}},"line":73}},"branchMap":{},"s":{"0":6,"1":6,"2":6,"3":6,"4":6,"5":6,"6":9,"7":6},"f":{"0":6,"1":6,"2":9},"b":{},"_coverageSchema":"1a1c01bbd47fc00a2c39e90264f33305004495a9","hash":"70b19cca155c0478ea5f06ca012d6830bde2a1ff"}
,"F:\\File BENI\\HACKTIV8\\Phase 2 Hacktiv8\\IP-RMT42\\Server\\router\\index.js": {"path":"F:\\File BENI\\HACKTIV8\\Phase 2 Hacktiv8\\IP-RMT42\\Server\\router\\index.js","statementMap":{"0":{"start":{"line":1,"column":15},"end":{"line":1,"column":42}},"1":{"start":{"line":2,"column":14},"end":{"line":2,"column":31}},"2":{"start":{"line":3,"column":14},"end":{"line":3,"column":32}},"3":{"start":{"line":4,"column":25},"end":{"line":4,"column":43}},"4":{"start":{"line":6,"column":0},"end":{"line":6,"column":28}},"5":{"start":{"line":7,"column":0},"end":{"line":7,"column":28}},"6":{"start":{"line":8,"column":0},"end":{"line":8,"column":25}},"7":{"start":{"line":10,"column":0},"end":{"line":10,"column":24}}},"fnMap":{},"branchMap":{},"s":{"0":6,"1":6,"2":6,"3":6,"4":6,"5":6,"6":6,"7":6},"f":{},"b":{},"_coverageSchema":"1a1c01bbd47fc00a2c39e90264f33305004495a9","hash":"a3dc836cb394c35df407e0a6309c8b35351534d4"}
,"F:\\File BENI\\HACKTIV8\\Phase 2 Hacktiv8\\IP-RMT42\\Server\\router\\teams.js": {"path":"F:\\File BENI\\HACKTIV8\\Phase 2 Hacktiv8\\IP-RMT42\\Server\\router\\teams.js","statementMap":{"0":{"start":{"line":1,"column":42},"end":{"line":1,"column":60}},"1":{"start":{"line":2,"column":23},"end":{"line":2,"column":63}},"2":{"start":{"line":4,"column":15},"end":{"line":4,"column":42}},"3":{"start":{"line":6,"column":0},"end":{"line":6,"column":27}},"4":{"start":{"line":7,"column":0},"end":{"line":7,"column":43}},"5":{"start":{"line":8,"column":0},"end":{"line":8,"column":72}},"6":{"start":{"line":9,"column":0},"end":{"line":9,"column":75}},"7":{"start":{"line":10,"column":0},"end":{"line":10,"column":51}},"8":{"start":{"line":12,"column":0},"end":{"line":12,"column":24}}},"fnMap":{},"branchMap":{},"s":{"0":6,"1":6,"2":6,"3":6,"4":6,"5":6,"6":6,"7":6,"8":6},"f":{},"b":{},"_coverageSchema":"1a1c01bbd47fc00a2c39e90264f33305004495a9","hash":"bd186ea6bc6b647bd71727b79b5bb0f256162ad7"}
,"F:\\File BENI\\HACKTIV8\\Phase 2 Hacktiv8\\IP-RMT42\\Server\\router\\user.js": {"path":"F:\\File BENI\\HACKTIV8\\Phase 2 Hacktiv8\\IP-RMT42\\Server\\router\\user.js","statementMap":{"0":{"start":{"line":1,"column":23},"end":{"line":1,"column":63}},"1":{"start":{"line":3,"column":15},"end":{"line":3,"column":42}},"2":{"start":{"line":5,"column":0},"end":{"line":5,"column":50}},"3":{"start":{"line":6,"column":0},"end":{"line":6,"column":44}},"4":{"start":{"line":8,"column":0},"end":{"line":8,"column":24}}},"fnMap":{},"branchMap":{},"s":{"0":6,"1":6,"2":6,"3":6,"4":6},"f":{},"b":{},"_coverageSchema":"1a1c01bbd47fc00a2c39e90264f33305004495a9","hash":"572c9ee1d68b7dc6e127a47d60317db95b651e42"}
}
