TN:
SF:app.js
FNF:0
FNH:0
DA:1,6
DA:2,6
DA:5,6
DA:6,6
DA:7,6
DA:8,6
DA:10,6
DA:11,6
DA:12,6
DA:13,6
DA:15,6
LF:11
LH:11
BRDA:1,0,0,6
BRDA:1,0,1,0
BRF:2
BRH:1
end_of_record
TN:
SF:auth\authentication.js
FN:4,authentication
FNF:1
FNH:1
FNDA:11,authentication
DA:1,6
DA:2,6
DA:5,11
DA:6,11
DA:7,11
DA:8,7
DA:9,6
DA:10,6
DA:11,6
DA:12,6
DA:13,6
DA:15,5
DA:19,6
LF:13
LH:13
BRDA:7,0,0,4
BRDA:7,0,1,7
BRDA:9,1,0,0
BRDA:9,1,1,6
BRDA:11,2,0,0
BRDA:11,2,1,6
BRF:6
BRH:4
end_of_record
TN:
SF:auth\authorization.js
FN:1,authorization
FNF:1
FNH:1
FNDA:5,authorization
DA:2,5
DA:3,5
DA:4,4
DA:6,1
DA:9,1
DA:13,6
LF:6
LH:6
BRDA:3,0,0,4
BRDA:3,0,1,1
BRF:2
BRH:2
end_of_record
TN:
SF:auth\errorhandler.js
FN:1,errorHandler
FNF:1
FNH:1
FNDA:17,errorHandler
DA:3,17
DA:6,5
DA:7,5
DA:8,5
DA:11,2
DA:12,2
DA:13,2
DA:18,7
DA:19,7
DA:20,7
DA:23,1
DA:24,1
DA:25,1
DA:28,2
DA:29,2
DA:30,2
DA:33,0
DA:34,0
DA:35,0
DA:38,17
DA:41,6
LF:21
LH:18
BRDA:3,0,0,4
BRDA:3,0,1,5
BRDA:3,0,2,2
BRDA:3,0,3,2
BRDA:3,0,4,6
BRDA:3,0,5,7
BRDA:3,0,6,1
BRDA:3,0,7,2
BRDA:3,0,8,0
BRDA:19,1,0,7
BRDA:19,1,1,4
BRF:11
BRH:10
end_of_record
TN:
SF:auth\index.js
FNF:0
FNH:0
DA:1,6
DA:2,6
DA:3,6
DA:5,6
LF:4
LH:4
BRF:0
BRH:0
end_of_record
TN:
SF:controllers\controllerTeam.js
FN:4,(anonymous_0)
FN:13,(anonymous_1)
FN:29,(anonymous_2)
FN:43,(anonymous_3)
FNF:4
FNH:3
FNDA:1,(anonymous_0)
FNDA:0,(anonymous_1)
FNDA:2,(anonymous_2)
FNDA:2,(anonymous_3)
DA:1,6
DA:5,1
DA:6,1
DA:7,1
DA:9,0
DA:14,0
DA:15,0
DA:16,0
DA:22,0
DA:23,0
DA:25,0
DA:30,2
DA:31,2
DA:32,2
DA:33,2
DA:34,2
DA:36,1
DA:37,1
DA:39,1
DA:44,2
DA:45,2
DA:46,2
DA:47,1
DA:48,1
DA:50,1
DA:55,6
LF:26
LH:19
BRDA:22,0,0,0
BRDA:22,0,1,0
BRDA:34,1,0,1
BRDA:34,1,1,1
BRDA:46,2,0,1
BRDA:46,2,1,1
BRF:6
BRH:4
end_of_record
TN:
SF:controllers\controllerUser.js
FN:8,(anonymous_0)
FN:18,(anonymous_1)
FN:48,(anonymous_2)
FNF:3
FNH:2
FNDA:6,(anonymous_0)
FNDA:5,(anonymous_1)
FNDA:0,(anonymous_2)
DA:1,6
DA:2,6
DA:3,6
DA:4,6
DA:5,6
DA:9,6
DA:10,6
DA:11,6
DA:12,1
DA:14,5
DA:19,5
DA:20,5
DA:21,5
DA:22,5
DA:23,1
DA:26,4
DA:27,1
DA:30,3
DA:31,3
DA:32,2
DA:35,1
DA:36,1
DA:37,0
DA:40,1
DA:42,1
DA:44,4
DA:49,0
DA:50,0
DA:51,0
DA:57,0
DA:58,0
DA:59,0
DA:60,0
DA:62,0
DA:67,6
LF:35
LH:26
BRDA:22,0,0,1
BRDA:22,0,1,4
BRDA:26,1,0,1
BRDA:26,1,1,3
BRDA:31,2,0,2
BRDA:31,2,1,1
BRDA:36,3,0,0
BRDA:36,3,1,1
BRF:8
BRH:7
end_of_record
TN:
SF:helpers\bcrypt.js
FN:3,(anonymous_0)
FN:8,(anonymous_1)
FNF:2
FNH:2
FNDA:9,(anonymous_0)
FNDA:1,(anonymous_1)
DA:1,6
DA:3,6
DA:4,9
DA:5,9
DA:8,6
DA:9,1
DA:12,6
LF:7
LH:7
BRF:0
BRH:0
end_of_record
TN:
SF:helpers\jwt.js
FN:5,(anonymous_0)
FN:9,(anonymous_1)
FNF:2
FNH:2
FNDA:6,(anonymous_0)
FNDA:7,(anonymous_1)
DA:1,6
DA:3,6
DA:5,6
DA:6,6
DA:9,6
DA:10,7
DA:13,6
LF:7
LH:7
BRF:0
BRH:0
end_of_record
TN:
SF:models\index.js
FN:21,(anonymous_0)
FN:29,(anonymous_1)
FN:34,(anonymous_2)
FNF:3
FNH:3
FNDA:24,(anonymous_0)
FNDA:18,(anonymous_1)
FNDA:18,(anonymous_2)
DA:3,6
DA:4,6
DA:5,6
DA:6,6
DA:7,6
DA:8,6
DA:9,6
DA:10,6
DA:13,6
DA:14,0
DA:16,6
DA:19,6
DA:22,24
DA:30,18
DA:31,18
DA:34,6
DA:35,18
DA:36,18
DA:40,6
DA:41,6
DA:43,6
LF:21
LH:20
BRDA:8,0,0,6
BRDA:8,0,1,0
BRDA:13,1,0,0
BRDA:13,1,1,6
BRDA:23,2,0,24
BRDA:23,2,1,24
BRDA:23,2,2,18
BRDA:23,2,3,18
BRDA:35,3,0,18
BRDA:35,3,1,0
BRF:10
BRH:7
end_of_record
TN:
SF:models\statistic.js
FN:3,(anonymous_0)
FN:10,(anonymous_1)
FNF:2
FNH:2
FNDA:6,(anonymous_0)
FNDA:6,(anonymous_1)
DA:2,6
DA:3,6
DA:12,6
DA:15,6
DA:58,6
LF:5
LH:5
BRF:0
BRH:0
end_of_record
TN:
SF:models\teams.js
FN:3,(anonymous_0)
FN:10,(anonymous_1)
FNF:2
FNH:2
FNDA:6,(anonymous_0)
FNDA:6,(anonymous_1)
DA:2,6
DA:3,6
DA:11,6
DA:12,6
DA:15,6
DA:51,6
LF:6
LH:6
BRF:0
BRH:0
end_of_record
TN:
SF:models\user.js
FN:4,(anonymous_0)
FN:11,(anonymous_1)
FN:73,(anonymous_2)
FNF:3
FNH:3
FNDA:6,(anonymous_0)
FNDA:6,(anonymous_1)
FNDA:9,(anonymous_2)
DA:2,6
DA:3,6
DA:4,6
DA:13,6
DA:16,6
DA:73,6
DA:74,9
DA:77,6
LF:8
LH:8
BRF:0
BRH:0
end_of_record
TN:
SF:router\index.js
FNF:0
FNH:0
DA:1,6
DA:2,6
DA:3,6
DA:4,6
DA:6,6
DA:7,6
DA:8,6
DA:10,6
LF:8
LH:8
BRF:0
BRH:0
end_of_record
TN:
SF:router\teams.js
FNF:0
FNH:0
DA:1,6
DA:2,6
DA:4,6
DA:6,6
DA:7,6
DA:8,6
DA:9,6
DA:10,6
DA:12,6
LF:9
LH:9
BRF:0
BRH:0
end_of_record
TN:
SF:router\user.js
FNF:0
FNH:0
DA:1,6
DA:3,6
DA:5,6
DA:6,6
DA:7,6
DA:9,6
LF:6
LH:6
BRF:0
BRH:0
end_of_record
