TN:
SF:app.js
FNF:0
FNH:0
DA:1,5
DA:2,5
DA:5,5
DA:6,5
DA:7,5
DA:8,5
DA:10,5
DA:11,5
DA:12,5
DA:13,5
DA:15,5
LF:11
LH:11
BRDA:1,0,0,5
BRDA:1,0,1,0
BRF:2
BRH:1
end_of_record
TN:
SF:auth\authentication.js
FN:4,authentication
FNF:1
FNH:1
FNDA:6,authentication
DA:1,5
DA:2,5
DA:5,6
DA:6,6
DA:7,6
DA:8,3
DA:9,3
DA:10,3
DA:11,3
DA:12,3
DA:13,3
DA:15,3
DA:19,5
LF:13
LH:13
BRDA:7,0,0,3
BRDA:7,0,1,3
BRDA:9,1,0,0
BRDA:9,1,1,3
BRDA:11,2,0,0
BRDA:11,2,1,3
BRF:6
BRH:4
end_of_record
TN:
SF:auth\authorization.js
FN:1,authorization
FNF:1
FNH:1
FNDA:2,authorization
DA:2,2
DA:3,2
DA:4,2
DA:6,0
DA:9,0
DA:13,5
LF:6
LH:4
BRDA:3,0,0,2
BRDA:3,0,1,0
BRDA:3,1,0,2
BRDA:3,1,1,0
BRF:4
BRH:2
end_of_record
TN:
SF:auth\errorhandler.js
FN:1,errorHandler
FNF:1
FNH:1
FNDA:13,errorHandler
DA:3,13
DA:6,5
DA:7,5
DA:8,5
DA:12,2
DA:13,2
DA:14,2
DA:19,5
DA:20,5
DA:21,5
DA:24,0
DA:25,0
DA:26,0
DA:29,1
DA:30,1
DA:31,1
DA:34,0
DA:35,0
DA:36,0
DA:39,13
DA:42,5
LF:21
LH:15
BRDA:3,0,0,4
BRDA:3,0,1,5
BRDA:3,0,2,2
BRDA:3,0,3,2
BRDA:3,0,4,2
BRDA:3,0,5,5
BRDA:3,0,6,5
BRDA:3,0,7,0
BRDA:3,0,8,1
BRDA:3,0,9,0
BRDA:20,1,0,5
BRDA:20,1,1,3
BRF:12
BRH:10
end_of_record
TN:
SF:auth\index.js
FNF:0
FNH:0
DA:1,5
DA:2,5
DA:3,5
DA:5,5
LF:4
LH:4
BRF:0
BRH:0
end_of_record
TN:
SF:controllers\controllerMidtrans.js
FN:6,(anonymous_0)
FNF:1
FNH:0
FNDA:0,(anonymous_0)
DA:1,5
DA:2,5
DA:3,5
DA:7,0
DA:8,0
DA:9,0
DA:15,0
DA:16,0
DA:17,0
DA:23,0
DA:37,0
DA:39,0
DA:41,0
DA:47,5
LF:14
LH:4
BRF:0
BRH:0
end_of_record
TN:
SF:controllers\controllerTeam.js
FN:4,(anonymous_0)
FN:13,(anonymous_1)
FN:29,(anonymous_2)
FNF:3
FNH:2
FNDA:1,(anonymous_0)
FNDA:0,(anonymous_1)
FNDA:2,(anonymous_2)
DA:1,5
DA:5,1
DA:6,1
DA:7,1
DA:9,0
DA:14,0
DA:15,0
DA:16,0
DA:22,0
DA:23,0
DA:25,0
DA:30,2
DA:31,2
DA:32,2
DA:33,1
DA:34,1
DA:36,1
DA:41,5
LF:18
LH:11
BRDA:22,0,0,0
BRDA:22,0,1,0
BRDA:32,1,0,1
BRDA:32,1,1,1
BRF:4
BRH:2
end_of_record
TN:
SF:controllers\controllerUser.js
FN:9,(anonymous_0)
FN:19,(anonymous_1)
FN:53,(anonymous_2)
FN:88,(anonymous_3)
FNF:4
FNH:2
FNDA:6,(anonymous_0)
FNDA:5,(anonymous_1)
FNDA:0,(anonymous_2)
FNDA:0,(anonymous_3)
DA:1,5
DA:2,5
DA:3,5
DA:4,5
DA:5,5
DA:6,5
DA:10,6
DA:11,6
DA:12,6
DA:13,1
DA:15,5
DA:20,5
DA:21,5
DA:22,5
DA:23,5
DA:24,1
DA:27,4
DA:28,1
DA:31,3
DA:32,3
DA:33,2
DA:36,1
DA:37,0
DA:40,1
DA:41,1
DA:42,0
DA:45,1
DA:47,1
DA:49,4
DA:54,0
DA:55,0
DA:56,0
DA:60,0
DA:61,0
DA:63,0
DA:64,0
DA:65,0
DA:68,0
DA:69,0
DA:71,0
DA:74,0
DA:80,0
DA:82,0
DA:84,0
DA:89,0
DA:90,0
DA:91,0
DA:92,0
DA:93,0
DA:95,0
DA:97,0
DA:99,0
DA:105,0
DA:106,0
DA:108,0
DA:110,0
DA:111,0
DA:113,0
DA:114,0
DA:115,0
DA:116,0
DA:117,0
DA:118,0
DA:120,0
DA:125,5
LF:65
LH:28
BRDA:23,0,0,1
BRDA:23,0,1,4
BRDA:27,1,0,1
BRDA:27,1,1,3
BRDA:32,2,0,2
BRDA:32,2,1,1
BRDA:36,3,0,0
BRDA:36,3,1,1
BRDA:41,4,0,0
BRDA:41,4,1,1
BRDA:64,5,0,0
BRDA:64,5,1,0
BRDA:64,6,0,0
BRDA:64,6,1,0
BRDA:68,7,0,0
BRDA:68,7,1,0
BRDA:68,8,0,0
BRDA:68,8,1,0
BRDA:92,9,0,0
BRDA:92,9,1,0
BRDA:105,10,0,0
BRDA:105,10,1,0
BRDA:110,11,0,0
BRDA:110,11,1,0
BRF:24
BRH:8
end_of_record
TN:
SF:helpers\bcrypt.js
FN:3,(anonymous_0)
FN:8,(anonymous_1)
FNF:2
FNH:2
FNDA:7,(anonymous_0)
FNDA:1,(anonymous_1)
DA:1,5
DA:3,5
DA:4,7
DA:5,7
DA:8,5
DA:9,1
DA:12,5
LF:7
LH:7
BRF:0
BRH:0
end_of_record
TN:
SF:helpers\jwt.js
FN:5,(anonymous_0)
FN:9,(anonymous_1)
FNF:2
FNH:2
FNDA:4,(anonymous_0)
FNDA:3,(anonymous_1)
DA:1,5
DA:3,5
DA:5,5
DA:6,4
DA:9,5
DA:10,3
DA:13,5
LF:7
LH:7
BRF:0
BRH:0
end_of_record
TN:
SF:models\index.js
FN:21,(anonymous_0)
FN:29,(anonymous_1)
FN:34,(anonymous_2)
FNF:3
FNH:3
FNDA:25,(anonymous_0)
FNDA:20,(anonymous_1)
FNDA:20,(anonymous_2)
DA:3,5
DA:4,5
DA:5,5
DA:6,5
DA:7,5
DA:8,5
DA:9,5
DA:10,5
DA:13,5
DA:14,0
DA:16,5
DA:19,5
DA:22,25
DA:30,20
DA:31,20
DA:34,5
DA:35,20
DA:36,20
DA:40,5
DA:41,5
DA:43,5
LF:21
LH:20
BRDA:8,0,0,5
BRDA:8,0,1,0
BRDA:13,1,0,0
BRDA:13,1,1,5
BRDA:23,2,0,25
BRDA:23,2,1,25
BRDA:23,2,2,20
BRDA:23,2,3,20
BRDA:35,3,0,20
BRDA:35,3,1,0
BRF:10
BRH:7
end_of_record
TN:
SF:models\order.js
FN:3,(anonymous_0)
FN:10,(anonymous_1)
FNF:2
FNH:2
FNDA:5,(anonymous_0)
FNDA:5,(anonymous_1)
DA:2,5
DA:3,5
DA:12,5
DA:15,5
DA:53,5
LF:5
LH:5
BRF:0
BRH:0
end_of_record
TN:
SF:models\statistic.js
FN:3,(anonymous_0)
FN:10,(anonymous_1)
FNF:2
FNH:2
FNDA:5,(anonymous_0)
FNDA:5,(anonymous_1)
DA:2,5
DA:3,5
DA:12,5
DA:15,5
DA:58,5
LF:5
LH:5
BRF:0
BRH:0
end_of_record
TN:
SF:models\teams.js
FN:3,(anonymous_0)
FN:10,(anonymous_1)
FNF:2
FNH:2
FNDA:5,(anonymous_0)
FNDA:5,(anonymous_1)
DA:2,5
DA:3,5
DA:11,5
DA:12,5
DA:15,5
DA:51,5
LF:6
LH:6
BRF:0
BRH:0
end_of_record
TN:
SF:models\user.js
FN:4,(anonymous_0)
FN:11,(anonymous_1)
FN:74,(anonymous_2)
FNF:3
FNH:3
FNDA:5,(anonymous_0)
FNDA:5,(anonymous_1)
FNDA:7,(anonymous_2)
DA:2,5
DA:3,5
DA:4,5
DA:13,5
DA:14,5
DA:17,5
DA:74,5
DA:75,7
DA:78,5
LF:9
LH:9
BRF:0
BRH:0
end_of_record
TN:
SF:router\index.js
FNF:0
FNH:0
DA:1,5
DA:2,5
DA:3,5
DA:4,5
DA:6,5
DA:7,5
DA:8,5
DA:10,5
LF:8
LH:8
BRF:0
BRH:0
end_of_record
TN:
SF:router\teams.js
FNF:0
FNH:0
DA:1,5
DA:2,5
DA:4,5
DA:6,5
DA:7,5
DA:8,5
DA:9,5
DA:11,5
LF:8
LH:8
BRF:0
BRH:0
end_of_record
TN:
SF:router\user.js
FNF:0
FNH:0
DA:1,5
DA:2,5
DA:3,5
DA:5,5
DA:7,5
DA:8,5
DA:9,5
DA:10,5
DA:11,5
DA:13,5
LF:10
LH:10
BRF:0
BRH:0
end_of_record
